\BOOKMARK [1][-]{section*.1}{\376\377\004\022\004\022\004\025\004\024\004\025\004\035\004\030\004\025}{}% 1
\BOOKMARK [1][-]{section.1}{\376\377\004\036\004\077\004\070\004\101\004\060\004\075\004\070\004\065\000\040\004\067\004\060\004\064\004\060\004\107\004\070}{}% 2
\BOOKMARK [1][-]{section.2}{\376\377\004\023\004\065\004\075\004\065\004\102\004\070\004\107\004\065\004\101\004\072\004\070\004\065\000\040\004\060\004\073\004\063\004\076\004\100\004\070\004\102\004\074\004\113}{}% 3
\BOOKMARK [2][-]{subsection.2.1}{\376\377\004\037\004\100\004\065\004\064\004\101\004\102\004\060\004\062\004\073\004\065\004\075\004\070\004\065\000\040\004\100\004\065\004\110\004\065\004\075\004\070\004\117\000\040\004\070\000\040\004\075\004\060\004\107\004\060\004\073\004\114\004\075\004\060\004\117\000\040\004\077\004\076\004\077\004\103\004\073\004\117\004\106\004\070\004\117}{section.2}% 4
\BOOKMARK [2][-]{subsection.2.2}{\376\377\004\036\004\077\004\065\004\100\004\060\004\102\004\076\004\100\000\040\004\101\004\072\004\100\004\065\004\111\004\070\004\062\004\060\004\075\004\070\004\117}{section.2}% 5
\BOOKMARK [2][-]{subsection.2.3}{\376\377\004\036\004\077\004\065\004\100\004\060\004\102\004\076\004\100\000\040\004\074\004\103\004\102\004\060\004\106\004\070\004\070}{section.2}% 6
\BOOKMARK [2][-]{subsection.2.4}{\376\377\004\036\004\077\004\065\004\100\004\060\004\102\004\076\004\100\000\040\004\065\004\101\004\102\004\065\004\101\004\102\004\062\004\065\004\075\004\075\004\076\004\063\004\076\000\040\004\076\004\102\004\061\004\076\004\100\004\060}{section.2}% 7
\BOOKMARK [1][-]{section.3}{\376\377\004\020\004\073\004\063\004\076\004\100\004\070\004\102\004\074\004\113\000\040\004\064\004\073\004\117\000\040\004\077\004\076\004\070\004\101\004\072\004\060\000\040\004\106\004\065\004\075\004\102\004\100\004\060\004\073\004\114\004\075\004\113\004\105\000\040\004\062\004\065\004\100\004\110\004\070\004\075}{}% 8
\BOOKMARK [2][-]{subsection.3.1}{\376\377\004\042\004\100\004\070\004\062\004\070\004\060\004\073\004\114\004\075\004\113\004\071\000\040\004\060\004\073\004\063\004\076\004\100\004\070\004\102\004\074}{section.3}% 9
\BOOKMARK [2][-]{subsection.3.2}{\376\377\004\020\004\073\004\063\004\076\004\100\004\070\004\102\004\074\004\113\000\040\004\101\000\040\004\103\004\073\004\103\004\107\004\110\004\065\004\075\004\075\004\076\004\071\000\040\004\060\004\101\004\101\004\070\004\074\004\077\004\102\004\076\004\102\004\070\004\072\004\076\004\071}{section.3}% 10
\BOOKMARK [2][-]{subsection.3.3}{\376\377\004\020\004\073\004\063\004\076\004\100\004\070\004\102\004\074\004\113\000,\000\040\004\070\004\101\004\077\004\076\004\073\004\114\004\067\004\103\004\116\004\111\004\070\004\065\000\040\004\074\004\060\004\102\004\100\004\070\004\107\004\075\004\076\004\065\000\040\004\103\004\074\004\075\004\076\004\066\004\065\004\075\004\070\004\065}{section.3}% 11
\BOOKMARK [2][-]{subsection.3.4}{\376\377\004\023\004\065\004\075\004\065\004\102\004\070\004\107\004\065\004\101\004\072\004\070\004\065\000\040\004\060\004\073\004\063\004\076\004\100\004\070\004\102\004\074\004\113}{section.3}% 12
\BOOKMARK [1][-]{section.4}{\376\377\004\036\004\077\004\070\004\101\004\060\004\075\004\070\004\065\000\040\004\100\004\060\004\067\004\100\004\060\004\061\004\076\004\102\004\060\004\075\004\075\004\076\004\063\004\076\000\040\004\063\004\065\004\075\004\065\004\102\004\070\004\107\004\065\004\101\004\072\004\076\004\063\004\076\000\040\004\060\004\073\004\063\004\076\004\100\004\070\004\102\004\074\004\060}{}% 13
\BOOKMARK [2][-]{subsection.4.1}{\376\377\004\041\004\102\004\060\004\100\004\102\000\040\004\060\004\073\004\063\004\076\004\100\004\070\004\102\004\074\004\060}{section.4}% 14
\BOOKMARK [2][-]{subsection.4.2}{\376\377\004\025\004\101\004\102\004\065\004\101\004\102\004\062\004\065\004\075\004\075\004\113\004\071\000\040\004\076\004\102\004\061\004\076\004\100}{section.4}% 15
\BOOKMARK [2][-]{subsection.4.3}{\376\377\004\055\004\102\004\060\004\077\000\040\004\101\004\072\004\100\004\065\004\111\004\070\004\062\004\060\004\075\004\070\004\117}{section.4}% 16
\BOOKMARK [2][-]{subsection.4.4}{\376\377\004\055\004\102\004\060\004\077\000\040\004\074\004\103\004\102\004\060\004\106\004\070\004\070}{section.4}% 17
\BOOKMARK [1][-]{section.5}{\376\377\004\030\004\101\004\101\004\073\004\065\004\064\004\076\004\062\004\060\004\075\004\070\004\065\000\040\004\060\004\073\004\063\004\076\004\100\004\070\004\102\004\074\004\060}{}% 18
\BOOKMARK [1][-]{section.6}{\376\377\004\034\004\076\004\064\004\065\004\073\004\070\000\040\004\101\004\073\004\103\004\107\004\060\004\071\004\075\004\113\004\105\000\040\004\063\004\100\004\060\004\104\004\076\004\062}{}% 19
\BOOKMARK [2][-]{subsection.6.1}{\376\377\004\034\004\076\004\064\004\065\004\073\004\114\000\040\004\101\004\073\004\103\004\107\004\060\004\071\004\075\004\076\004\063\004\076\000\040\004\063\004\100\004\060\004\104\004\060\000\040\004\055\004\100\004\064\004\065\004\110\004\060\000-\004\040\004\065\004\075\004\114\004\070}{section.6}% 20
\BOOKMARK [2][-]{subsection.6.2}{\376\377\004\034\004\076\004\064\004\065\004\073\004\114\000\040\004\101\004\073\004\103\004\107\004\060\004\071\004\075\004\076\004\063\004\076\000\040\004\063\004\100\004\060\004\104\004\060\000\040\004\021\004\060\004\100\004\060\004\061\004\060\004\110\004\070\000-\004\020\004\073\004\114\004\061\004\065\004\100\004\102}{section.6}% 21
\BOOKMARK [2][-]{subsection.6.3}{\376\377\004\023\004\065\004\076\004\074\004\065\004\102\004\100\004\070\004\107\004\065\004\101\004\072\004\070\004\071\000\040\004\101\004\073\004\103\004\107\004\060\004\071\004\075\004\113\004\071\000\040\004\063\004\100\004\060\004\104}{section.6}% 22
\BOOKMARK [1][-]{section.7}{\376\377\004\040\004\065\004\067\004\103\004\073\004\114\004\102\004\060\004\102\004\113\000\040\004\062\004\113\004\107\004\070\004\101\004\073\004\070\004\102\004\065\004\073\004\114\004\075\004\113\004\105\000\040\004\115\004\072\004\101\004\077\004\065\004\100\004\070\004\074\004\065\004\075\004\102\004\076\004\062}{}% 23
\BOOKMARK [1][-]{section.8}{\376\377\004\030\004\101\004\101\004\073\004\065\004\064\004\076\004\062\004\060\004\075\004\070\004\065\000\040\004\077\004\060\004\100\004\060\004\074\004\065\004\102\004\100\004\076\004\062\000\040\004\063\004\065\004\075\004\065\004\102\004\070\004\107\004\065\004\101\004\072\004\076\004\063\004\076\000\040\004\060\004\073\004\063\004\076\004\100\004\070\004\102\004\074\004\060}{}% 24
\BOOKMARK [1][-]{section.9}{\376\377\004\036\004\077\004\070\004\101\004\060\004\075\004\070\004\065\000\040\004\077\004\100\004\070\004\073\004\076\004\066\004\065\004\075\004\070\004\117}{}% 25
\BOOKMARK [1][-]{section.10}{\376\377\004\036\004\077\004\070\004\101\004\060\004\075\004\070\004\065\000\040\004\102\004\065\004\105\004\075\004\076\004\073\004\076\004\063\004\070\004\071\000\040\004\070\000\040\004\060\004\100\004\105\004\070\004\102\004\065\004\072\004\102\004\103\004\100\004\113\000\040\004\077\004\100\004\070\004\073\004\076\004\066\004\065\004\075\004\070\004\117}{}% 26
\BOOKMARK [2][-]{subsection.10.1}{\376\377\004\041\004\102\004\100\004\103\004\072\004\102\004\103\004\100\004\060\000\040\004\061\004\060\004\067\004\113\000\040\004\064\004\060\004\075\004\075\004\113\004\105}{section.10}% 27
\BOOKMARK [2][-]{subsection.10.2}{\376\377\004\043\004\100\004\076\004\062\004\065\004\075\004\114\000\040\004\064\004\076\004\101\004\102\004\103\004\077\004\060\000\040\004\072\000\040\004\064\004\060\004\075\004\075\004\113\004\074}{section.10}% 28
\BOOKMARK [2][-]{subsection.10.3}{\376\377\004\043\004\100\004\076\004\062\004\065\004\075\004\114\000\040\004\061\004\070\004\067\004\075\004\065\004\101\000-\004\073\004\076\004\063\004\070\004\072\004\070}{section.10}% 29
\BOOKMARK [2][-]{subsection.10.4}{\376\377\004\043\004\100\004\076\004\062\004\065\004\075\004\114\000\040\004\077\004\100\004\065\004\064\004\101\004\102\004\060\004\062\004\073\004\065\004\075\004\070\004\117}{section.10}% 30
\BOOKMARK [3][-]{subsubsection.10.4.1}{\376\377\004\032\004\076\004\075\004\102\004\100\004\076\004\073\004\073\004\065\004\100\004\113}{subsection.10.4}% 31
\BOOKMARK [3][-]{subsubsection.10.4.2}{\376\377\004\034\004\076\004\064\004\065\004\073\004\070\000\040\004\064\004\060\004\075\004\075\004\113\004\105\000\040\004\070\000\040\004\062\004\060\004\073\004\070\004\064\004\060\004\106\004\070\004\117}{subsection.10.4}% 32
\BOOKMARK [3][-]{subsubsection.10.4.3}{\376\377\004\020\004\103\004\102\004\065\004\075\004\102\004\070\004\104\004\070\004\072\004\060\004\106\004\070\004\117}{subsection.10.4}% 33
\BOOKMARK [2][-]{subsection.10.5}{\376\377\004\045\004\065\004\110\004\070\004\100\004\076\004\062\004\060\004\075\004\070\004\065\000\040\004\077\004\060\004\100\004\076\004\073\004\065\004\071}{section.10}% 34
\BOOKMARK [2][-]{subsection.10.6}{\376\377\004\022\004\075\004\065\004\064\004\100\004\065\004\075\004\070\004\065\000\040\004\067\004\060\004\062\004\070\004\101\004\070\004\074\004\076\004\101\004\102\004\065\004\071}{section.10}% 35
\BOOKMARK [1][-]{section.11}{\376\377\004\040\004\060\004\061\004\076\004\102\004\060\000\040\004\101\000\040\004\063\004\065\004\075\004\065\004\102\004\070\004\107\004\065\004\101\004\072\004\070\004\074\000\040\004\060\004\073\004\063\004\076\004\100\004\070\004\102\004\074\004\076\004\074}{}% 36
\BOOKMARK [1][-]{section*.39}{\376\377\004\027\004\020\004\032\004\033\004\056\004\047\004\025\004\035\004\030\004\025}{}% 37
\BOOKMARK [1][-]{section*.40}{\376\377\004\041\004\037\004\030\004\041\004\036\004\032\000\040\004\030\004\041\004\037\004\036\004\033\004\054\004\027\004\036\004\022\004\020\004\035\004\035\004\053\004\045\000\040\004\030\004\041\004\042\004\036\004\047\004\035\004\030\004\032\004\036\004\022}{}% 38
\BOOKMARK [1][-]{appendix.A}{\376\377\004\032\004\076\004\064\000\040\004\063\004\065\004\075\004\065\004\102\004\070\004\107\004\065\004\101\004\072\004\076\004\063\004\076\000\040\004\060\004\073\004\063\004\076\004\100\004\070\004\102\004\074\004\060}{}% 39
\BOOKMARK [1][-]{appendix.B}{\376\377\004\032\004\076\004\064\000\040\004\072\004\073\004\060\004\101\004\101\004\076\004\062\000\040\004\064\004\073\004\117\000\040\004\100\004\060\004\061\004\076\004\102\004\113\000\040\004\101\000\040\004\063\004\100\004\060\004\104\004\060\004\074\004\070}{}% 40
\BOOKMARK [1][-]{appendix.C}{\376\377\004\032\004\076\004\064\000\040\004\072\004\073\004\060\004\101\004\101\004\076\004\062\000\040\004\064\004\073\004\117\000\040\004\115\004\072\004\101\004\077\004\065\004\100\004\070\004\074\004\065\004\075\004\102\004\076\004\062\000\040\004\101\000\040\004\060\004\073\004\063\004\076\004\100\004\070\004\102\004\074\004\076\004\074}{}% 41
\BOOKMARK [1][-]{appendix.D}{\376\377\004\043\004\100\004\076\004\062\004\065\004\075\004\114\000\040\004\064\004\076\004\101\004\102\004\103\004\077\004\060\000\040\004\064\004\060\004\075\004\075\004\113\004\105}{}% 42
\BOOKMARK [1][-]{appendix.E}{\376\377\004\043\004\100\004\076\004\062\004\065\004\075\004\114\000\040\004\061\004\070\004\067\004\075\004\065\004\101\000-\004\073\004\076\004\063\004\070\004\072\004\070}{}% 43
\BOOKMARK [1][-]{appendix.F}{\376\377\004\043\004\100\004\076\004\062\004\065\004\075\004\114\000\040\004\077\004\076\004\073\004\114\004\067\004\076\004\062\004\060\004\102\004\065\004\073\004\114\004\101\004\072\004\076\004\063\004\076\000\040\004\070\004\075\004\102\004\065\004\100\004\104\004\065\004\071\004\101\004\060}{}% 44
\BOOKMARK [1][-]{appendix.G}{\376\377\004\022\004\075\004\065\004\064\004\100\004\065\004\075\004\070\004\065\000\040\004\067\004\060\004\062\004\070\004\101\004\070\004\074\004\076\004\101\004\102\004\065\004\071}{}% 45
