\BOOKMARK [1][-]{section*.1}{\376\377\004\022\004\022\004\025\004\024\004\025\004\035\004\030\004\025}{}% 1
\BOOKMARK [1][-]{section.1}{\376\377\004\036\004\077\004\070\004\101\004\060\004\075\004\070\004\065\000\040\004\067\004\060\004\064\004\060\004\107\004\070}{}% 2
\BOOKMARK [1][-]{section.2}{\376\377\004\036\004\077\004\070\004\101\004\060\004\075\004\070\004\065\000\040\004\063\004\065\004\075\004\065\004\102\004\070\004\107\004\065\004\101\004\072\004\076\004\063\004\076\000\040\004\060\004\073\004\063\004\076\004\100\004\070\004\102\004\074\004\060}{}% 3
\BOOKMARK [2][-]{subsection.2.1}{\376\377\004\023\004\065\004\075\004\065\004\100\004\060\004\106\004\070\004\117\000\040\004\075\004\060\004\107\004\060\004\073\004\114\004\075\004\076\004\071\000\040\004\077\004\076\004\077\004\103\004\073\004\117\004\106\004\070\004\070}{section.2}% 4
\BOOKMARK [2][-]{subsection.2.2}{\376\377\004\055\004\102\004\060\004\077\000\040\004\074\004\103\004\102\004\060\004\106\004\070\004\070}{section.2}% 5
\BOOKMARK [2][-]{subsection.2.3}{\376\377\004\055\004\102\004\060\004\077\000\040\004\101\004\072\004\100\004\065\004\111\004\070\004\062\004\060\004\075\004\070\004\117}{section.2}% 6
\BOOKMARK [2][-]{subsection.2.4}{\376\377\004\055\004\102\004\060\004\077\000\040\004\065\004\101\004\102\004\065\004\101\004\102\004\062\004\065\004\075\004\075\004\076\004\063\004\076\000\040\004\076\004\102\004\061\004\076\004\100\004\060}{section.2}% 7
\BOOKMARK [1][-]{section.3}{\376\377\004\036\004\077\004\070\004\101\004\060\004\075\004\070\004\065\000\040\004\077\004\100\004\070\004\073\004\076\004\066\004\065\004\075\004\070\004\117}{}% 8
\BOOKMARK [1][-]{section.4}{\376\377\004\036\004\077\004\070\004\101\004\060\004\075\004\070\004\065\000\040\004\102\004\065\004\105\004\075\004\076\004\073\004\076\004\063\004\070\004\071\000\040\004\070\000\040\004\060\004\100\004\105\004\070\004\102\004\065\004\072\004\102\004\103\004\100\004\113\000\040\004\077\004\100\004\070\004\073\004\076\004\066\004\065\004\075\004\070\004\117}{}% 9
\BOOKMARK [2][-]{subsection.4.1}{\376\377\004\041\004\102\004\100\004\103\004\072\004\102\004\103\004\100\004\060\000\040\004\061\004\060\004\067\004\113\000\040\004\064\004\060\004\075\004\075\004\113\004\105}{section.4}% 10
\BOOKMARK [2][-]{subsection.4.2}{\376\377\004\043\004\100\004\076\004\062\004\065\004\075\004\114\000\040\004\064\004\076\004\101\004\102\004\103\004\077\004\060\000\040\004\072\000\040\004\064\004\060\004\075\004\075\004\113\004\074}{section.4}% 11
\BOOKMARK [2][-]{subsection.4.3}{\376\377\004\043\004\100\004\076\004\062\004\065\004\075\004\114\000\040\004\061\004\070\004\067\004\075\004\065\004\101\000-\004\073\004\076\004\063\004\070\004\072\004\070}{section.4}% 12
\BOOKMARK [2][-]{subsection.4.4}{\376\377\004\043\004\100\004\076\004\062\004\065\004\075\004\114\000\040\004\077\004\100\004\065\004\064\004\101\004\102\004\060\004\062\004\073\004\065\004\075\004\070\004\117}{section.4}% 13
\BOOKMARK [3][-]{subsubsection.4.4.1}{\376\377\004\032\004\076\004\075\004\102\004\100\004\076\004\073\004\073\004\065\004\100\004\113}{subsection.4.4}% 14
\BOOKMARK [3][-]{subsubsection.4.4.2}{\376\377\004\034\004\076\004\064\004\065\004\073\004\070\000\040\004\064\004\060\004\075\004\075\004\113\004\105\000\040\004\070\000\040\004\062\004\060\004\073\004\070\004\064\004\060\004\106\004\070\004\117}{subsection.4.4}% 15
\BOOKMARK [3][-]{subsubsection.4.4.3}{\376\377\004\020\004\103\004\102\004\065\004\075\004\102\004\070\004\104\004\070\004\072\004\060\004\106\004\070\004\117}{subsection.4.4}% 16
\BOOKMARK [2][-]{subsection.4.5}{\376\377\004\050\004\070\004\104\004\100\004\076\004\062\004\072\004\060\000\040\004\077\004\060\004\100\004\076\004\073\004\065\004\071}{section.4}% 17
\BOOKMARK [2][-]{subsection.4.6}{\376\377\004\022\004\075\004\065\004\064\004\100\004\065\004\075\004\070\004\065\000\040\004\067\004\060\004\062\004\070\004\101\004\070\004\074\004\076\004\101\004\102\004\065\004\071}{section.4}% 18
\BOOKMARK [1][-]{section.5}{\376\377\004\040\004\060\004\061\004\076\004\102\004\060\000\040\004\101\000\040\004\063\004\065\004\075\004\065\004\102\004\070\004\107\004\065\004\101\004\072\004\070\004\074\000\040\004\060\004\073\004\063\004\076\004\100\004\070\004\102\004\074\004\076\004\074}{}% 19
\BOOKMARK [2][-]{subsubsection.5.0.1}{\376\377\004\047\004\102\004\065\004\075\004\070\004\065\000\040\004\063\004\100\004\060\004\104\004\060\000\040\004\070\004\067\000\040\004\104\004\060\004\071\004\073\004\060}{section.5}% 20
\BOOKMARK [3][-]{subsubsection.5.0.2}{\376\377\004\027\004\060\004\077\004\103\004\101\004\072\000\040\004\060\004\073\004\063\004\076\004\100\004\070\004\102\004\074\004\060\000\040\004\075\004\060\000\040\004\063\004\100\004\060\004\104\004\060\004\105}{subsubsection.5.0.1}% 21
\BOOKMARK [3][-]{subsubsection.5.0.3}{\376\377\004\023\004\065\004\075\004\065\004\102\004\070\004\107\004\065\004\101\004\072\004\070\004\071\000\040\004\060\004\073\004\063\004\076\004\100\004\070\004\102\004\074}{subsubsection.5.0.1}% 22
\BOOKMARK [1][-]{section*.15}{\376\377\004\027\004\020\004\032\004\033\004\056\004\047\004\025\004\035\004\030\004\025}{}% 23
\BOOKMARK [1][-]{section*.16}{\376\377\004\041\004\037\004\030\004\041\004\036\004\032\000\040\004\030\004\041\004\037\004\036\004\033\004\054\004\027\004\036\004\022\004\020\004\035\004\035\004\053\004\045\000\040\004\030\004\041\004\042\004\036\004\047\004\035\004\030\004\032\004\036\004\022}{}% 24
\BOOKMARK [1][-]{appendix.A}{\376\377\004\043\004\100\004\076\004\062\004\065\004\075\004\114\000\040\004\064\004\076\004\101\004\102\004\103\004\077\004\060\000\040\004\064\004\060\004\075\004\075\004\113\004\105}{}% 25
\BOOKMARK [1][-]{appendix.B}{\376\377\004\043\004\100\004\076\004\062\004\065\004\075\004\114\000\040\004\061\004\070\004\067\004\075\004\065\004\101\000-\004\073\004\076\004\063\004\070\004\072\004\070}{}% 26
\BOOKMARK [1][-]{appendix.C}{\376\377\004\043\004\100\004\076\004\062\004\065\004\075\004\114\000\040\004\077\004\076\004\073\004\114\004\067\004\076\004\062\004\060\004\102\004\065\004\073\004\114\004\101\004\072\004\076\004\063\004\076\000\040\004\070\004\075\004\102\004\065\004\100\004\104\004\065\004\071\004\101\004\060}{}% 27
\BOOKMARK [1][-]{appendix.D}{\376\377\004\022\004\075\004\065\004\064\004\100\004\065\004\075\004\070\004\065\000\040\004\067\004\060\004\062\004\070\004\101\004\070\004\074\004\076\004\101\004\102\004\065\004\071}{}% 28
\BOOKMARK [1][-]{appendix.E}{\376\377\004\023\004\065\004\075\004\065\004\102\004\070\004\107\004\065\004\101\004\072\004\070\004\071\000\040\004\060\004\073\004\063\004\076\004\100\004\070\004\102\004\074}{}% 29
\BOOKMARK [1][-]{appendix.F}{\376\377\000C\000D\000-\004\064\004\070\004\101\004\072\000\040\004\101\000\040\004\076\004\102\004\107\004\065\004\102\004\076\004\074\000\040\004\076\000\040\004\062\004\113\004\077\004\076\004\073\004\075\004\065\004\075\004\075\004\076\004\071\000\040\004\100\004\060\004\061\004\076\004\102\004\065}{}% 30
